<component name="libraryTable">
  <library name="junit5-engine-5.0.0-ALPHA">
    <CLASSES>
      <root url="jar://$PROJECT_DIR$/libs/junit5-engine-5.0.0-ALPHA.jar!/" />
    </CLASSES>
    <JAVADOC />
    <SOURCES />
  </library>
</component>